[INFO] Scanning for projects...
[INFO] 
[INFO] -----------------< dev.gonjy:patrol-spectator-plugin >------------------
[INFO] Building PatrolSpectatorPlugin 1.8.3
[INFO]   from pom.xml
[INFO] --------------------------------[ jar ]---------------------------------
[INFO] 
[INFO] --- resources:3.3.1:resources (default-resources) @ patrol-spectator-plugin ---
[INFO] Copying 3 resources from src\main\resources to target\classes
[INFO] 
[INFO] --- compiler:3.11.0:compile (default-compile) @ patrol-spectator-plugin ---
[INFO] Nothing to compile - all classes are up to date
[INFO] 
[INFO] --- resources:3.3.1:testResources (default-testResources) @ patrol-spectator-plugin ---
[INFO] skip non existing resourceDirectory C:\Users\gonjy\Projects\Private\PatrolSpectatorPlugin\src\test\resources
[INFO] 
[INFO] --- compiler:3.11.0:testCompile (default-testCompile) @ patrol-spectator-plugin ---
[INFO] Nothing to compile - all classes are up to date
[INFO] 
[INFO] --- surefire:3.2.2:test (default-test) @ patrol-spectator-plugin ---
[INFO] Using auto detected provider org.apache.maven.surefire.junitplatform.JUnitPlatformProvider
[INFO] 
[INFO] -------------------------------------------------------
[INFO]  T E S T S
[INFO] -------------------------------------------------------
[INFO] Running dev.gonjy.patrolspectator.AutoEventSystemTest
SLF4J: No SLF4J providers were found.
SLF4J: Defaulting to no-operation (NOP) logger implementation
SLF4J: See https://www.slf4j.org/codes.html#noProviders for further details.
[07:15:45 情報]: [Rules] applied: gamerule doDaylightCycle true
[07:15:45 情報]: [Rules] applied: gamerule keepInventory false
[07:15:45 情報]: [Rules] applied: gamerule locatorBar false
[07:15:45 情報]: [Rules] applied: gamerule showCoordinates false
[07:15:45 情報]: 観光地データをロードしました: 0 件
[07:15:45 情報]: PatrolSpectatorPlugin enabled.
[07:15:45 情報]: [Rules] applied: gamerule doDaylightCycle true
[07:15:45 情報]: [Rules] applied: gamerule keepInventory false
[07:15:45 情報]: [Rules] applied: gamerule locatorBar false
[07:15:45 情報]: [Rules] applied: gamerule showCoordinates false
[07:15:45 情報]: 観光地データをロードしました: 0 件
[07:15:45 情報]: PatrolSpectatorPlugin enabled.
[INFO] Tests run: 2, Failures: 0, Errors: 0, Skipped: 0, Time elapsed: 1.794 s -- in dev.gonjy.patrolspectator.AutoEventSystemTest
[INFO] Running dev.gonjy.patrolspectator.GameModeEnforcerTest
[07:15:45 情報]: [Rules] applied: gamerule doDaylightCycle true
[07:15:45 情報]: [Rules] applied: gamerule keepInventory false
[07:15:45 情報]: [Rules] applied: gamerule locatorBar false
[07:15:45 情報]: [Rules] applied: gamerule showCoordinates false
[07:15:45 情報]: 観光地データをロードしました: 0 件
[07:15:45 情報]: PatrolSpectatorPlugin enabled.
[07:15:46 情報]: [Rules] applied: gamerule doDaylightCycle true
[07:15:46 情報]: [Rules] applied: gamerule keepInventory false
[07:15:46 情報]: [Rules] applied: gamerule locatorBar false
[07:15:46 情報]: [Rules] applied: gamerule showCoordinates false
[07:15:46 情報]: 観光地データをロードしました: 0 件
[07:15:46 情報]: PatrolSpectatorPlugin enabled.
[07:15:46 情報]: [Rules] applied: gamerule doDaylightCycle true
[07:15:46 情報]: [Rules] applied: gamerule keepInventory false
[07:15:46 情報]: [Rules] applied: gamerule locatorBar false
[07:15:46 情報]: [Rules] applied: gamerule showCoordinates false
[07:15:46 情報]: 観光地データをロードしました: 0 件
[07:15:46 情報]: PatrolSpectatorPlugin enabled.
[07:15:46 情報]: [Rules] applied: gamerule doDaylightCycle true
[07:15:46 情報]: [Rules] applied: gamerule keepInventory false
[07:15:46 情報]: [Rules] applied: gamerule locatorBar false
[07:15:46 情報]: [Rules] applied: gamerule showCoordinates false
[07:15:46 情報]: 観光地データをロードしました: 0 件
[07:15:46 情報]: PatrolSpectatorPlugin enabled.
[07:15:46 情報]: [Rules] applied: gamerule doDaylightCycle true
[07:15:46 情報]: [Rules] applied: gamerule keepInventory false
[07:15:46 情報]: [Rules] applied: gamerule locatorBar false
[07:15:46 情報]: [Rules] applied: gamerule showCoordinates false
[07:15:46 情報]: 観光地データをロードしました: 0 件
[07:15:46 情報]: PatrolSpectatorPlugin enabled.
[07:15:46 情報]: [Rules] applied: gamerule doDaylightCycle true
[07:15:46 情報]: [Rules] applied: gamerule keepInventory false
[07:15:46 情報]: [Rules] applied: gamerule locatorBar false
[07:15:46 情報]: [Rules] applied: gamerule showCoordinates false
[07:15:46 情報]: 観光地データをロードしました: 0 件
[07:15:46 情報]: PatrolSpectatorPlugin enabled.
[INFO] Tests run: 6, Failures: 0, Errors: 0, Skipped: 0, Time elapsed: 1.009 s -- in dev.gonjy.patrolspectator.GameModeEnforcerTest
[INFO] Running dev.gonjy.patrolspectator.ParticipationManagerTest
[07:15:46 情報]: [Rules] applied: gamerule doDaylightCycle true
[07:15:46 情報]: [Rules] applied: gamerule keepInventory false
[07:15:46 情報]: [Rules] applied: gamerule locatorBar false
[07:15:46 情報]: [Rules] applied: gamerule showCoordinates false
[07:15:46 情報]: 観光地データをロードしました: 0 件
[07:15:46 情報]: PatrolSpectatorPlugin enabled.
[07:15:46 情報]: [Rules] applied: gamerule doDaylightCycle true
[07:15:46 情報]: [Rules] applied: gamerule keepInventory false
[07:15:46 情報]: [Rules] applied: gamerule locatorBar false
[07:15:46 情報]: [Rules] applied: gamerule showCoordinates false
[07:15:46 情報]: 観光地データをロードしました: 0 件
[07:15:46 情報]: PatrolSpectatorPlugin enabled.
[07:15:46 情報]: [Rules] applied: gamerule doDaylightCycle true
[07:15:46 情報]: [Rules] applied: gamerule keepInventory false
[07:15:46 情報]: [Rules] applied: gamerule locatorBar false
[07:15:46 情報]: [Rules] applied: gamerule showCoordinates false
[07:15:46 情報]: 観光地データをロードしました: 0 件
[07:15:46 情報]: PatrolSpectatorPlugin enabled.
[07:15:46 情報]: [Rules] applied: gamerule doDaylightCycle true
[07:15:46 情報]: [Rules] applied: gamerule keepInventory false
[07:15:46 情報]: [Rules] applied: gamerule locatorBar false
[07:15:46 情報]: [Rules] applied: gamerule showCoordinates false
[07:15:46 情報]: 観光地データをロードしました: 0 件
[07:15:46 情報]: PatrolSpectatorPlugin enabled.
[07:15:46 情報]: [Rules] applied: gamerule doDaylightCycle true
[07:15:46 情報]: [Rules] applied: gamerule keepInventory false
[07:15:46 情報]: [Rules] applied: gamerule locatorBar false
[07:15:46 情報]: [Rules] applied: gamerule showCoordinates false
[07:15:46 情報]: 観光地データをロードしました: 0 件
[07:15:46 情報]: PatrolSpectatorPlugin enabled.
[07:15:46 情報]: [Rules] applied: gamerule doDaylightCycle true
[07:15:46 情報]: [Rules] applied: gamerule keepInventory false
[07:15:46 情報]: [Rules] applied: gamerule locatorBar false
[07:15:46 情報]: [Rules] applied: gamerule showCoordinates false
[07:15:46 情報]: 観光地データをロードしました: 0 件
[07:15:46 情報]: PatrolSpectatorPlugin enabled.
[07:15:46 情報]: [Rules] applied: gamerule doDaylightCycle true
[07:15:46 情報]: [Rules] applied: gamerule keepInventory false
[07:15:46 情報]: [Rules] applied: gamerule locatorBar false
[07:15:46 情報]: [Rules] applied: gamerule showCoordinates false
[07:15:46 情報]: 観光地データをロードしました: 0 件
[07:15:46 情報]: PatrolSpectatorPlugin enabled.
[07:15:46 情報]: [Rules] applied: gamerule doDaylightCycle true
[07:15:46 情報]: [Rules] applied: gamerule keepInventory false
[07:15:46 情報]: [Rules] applied: gamerule locatorBar false
[07:15:46 情報]: [Rules] applied: gamerule showCoordinates false
[07:15:46 情報]: 観光地データをロードしました: 0 件
[07:15:46 情報]: PatrolSpectatorPlugin enabled.
[INFO] Tests run: 8, Failures: 0, Errors: 0, Skipped: 0, Time elapsed: 0.204 s -- in dev.gonjy.patrolspectator.ParticipationManagerTest
[INFO] Running dev.gonjy.patrolspectator.TouristLocationTest
[INFO] Tests run: 2, Failures: 0, Errors: 0, Skipped: 0, Time elapsed: 0.014 s -- in dev.gonjy.patrolspectator.TouristLocationTest
[INFO] 
[INFO] Results:
[INFO] 
[INFO] Tests run: 18, Failures: 0, Errors: 0, Skipped: 0
[INFO] 
[INFO] ------------------------------------------------------------------------
[INFO] BUILD SUCCESS
[INFO] ------------------------------------------------------------------------
[INFO] Total time:  15.195 s
[INFO] Finished at: 2025-11-22T07:15:46+09:00
[INFO] ------------------------------------------------------------------------
